2023-11-28 16:51:36,594 P14820 INFO Params: {
    "batch_size": "4096",
    "data_format": "csv",
    "data_root": "../data/Avazu/",
    "dataset_id": "avazu_x1_0bbde04e",
    "debug_mode": "False",
    "early_stop_patience": "2",
    "embedding_dim": "10",
    "embedding_regularizer": "0.05",
    "epochs": "100",
    "eval_steps": "None",
    "feature_cols": "[{'active': True, 'dtype': 'float', 'name': ['feat_1', 'feat_2', 'feat_3', 'feat_4', 'feat_5', 'feat_6', 'feat_7', 'feat_8', 'feat_9', 'feat_10', 'feat_11', 'feat_12', 'feat_13', 'feat_14', 'feat_15', 'feat_16', 'feat_17', 'feat_18', 'feat_19', 'feat_20', 'feat_21', 'feat_22'], 'type': 'categorical'}]",
    "feature_specs": "None",
    "gpu": "0",
    "group_id": "None",
    "label_col": "{'dtype': 'float', 'name': 'label'}",
    "learning_rate": "0.001",
    "loss": "binary_crossentropy",
    "metrics": "['AUC', 'logloss']",
    "min_categr_count": "1",
    "mlp1_batch_norm": "True",
    "mlp1_dropout": "0.3",
    "mlp1_hidden_activations": "relu",
    "mlp1_hidden_units": "[400, 400, 400]",
    "mlp2_batch_norm": "True",
    "mlp2_dropout": "0.3",
    "mlp2_hidden_activations": "relu",
    "mlp2_hidden_units": "[400]",
    "model": "DualMLP",
    "model_id": "DualMLP_avazu_x1_010_1864e8b3",
    "model_root": "./checkpoints/DualMLP_avazu_x1/",
    "monitor": "AUC",
    "monitor_mode": "max",
    "net_regularizer": "0",
    "num_workers": "3",
    "optimizer": "adam",
    "ordered_features": "None",
    "pickle_feature_encoder": "True",
    "save_best_only": "True",
    "seed": "2021",
    "shuffle": "True",
    "task": "binary_classification",
    "test_data": "data\\Avazu\\Avazu_x1\\test.csv",
    "train_data": "data\\Avazu\\Avazu_x1\\train.csv",
    "valid_data": "data\\Avazu\\Avazu_x1\\valid.csv",
    "verbose": "0"
}
2023-11-28 16:51:36,598 P14820 INFO Set up feature processor...
2023-11-28 16:51:36,598 P14820 WARNING Skip rebuilding ../data/Avazu/avazu_x1_0bbde04e\feature_map.json. Please delete it manually if rebuilding is required.
2023-11-28 16:51:36,598 P14820 INFO Load feature_map from json: ../data/Avazu/avazu_x1_0bbde04e\feature_map.json
2023-11-28 16:51:36,599 P14820 INFO Set column index...
2023-11-28 16:51:36,599 P14820 INFO Feature specs: {
    "feat_1": "{'source': '', 'type': 'categorical', 'padding_idx': 0, 'oov_idx': 8, 'vocab_size': 9}",
    "feat_10": "{'source': '', 'type': 'categorical', 'padding_idx': 0, 'oov_idx': 1048284, 'vocab_size': 1048285}",
    "feat_11": "{'source': '', 'type': 'categorical', 'padding_idx': 0, 'oov_idx': 6514, 'vocab_size': 6515}",
    "feat_12": "{'source': '', 'type': 'categorical', 'padding_idx': 0, 'oov_idx': 5, 'vocab_size': 6}",
    "feat_13": "{'source': '', 'type': 'categorical', 'padding_idx': 0, 'oov_idx': 5, 'vocab_size': 6}",
    "feat_14": "{'source': '', 'type': 'categorical', 'padding_idx': 0, 'oov_idx': 1939, 'vocab_size': 1940}",
    "feat_15": "{'source': '', 'type': 'categorical', 'padding_idx': 0, 'oov_idx': 9, 'vocab_size': 10}",
    "feat_16": "{'source': '', 'type': 'categorical', 'padding_idx': 0, 'oov_idx': 10, 'vocab_size': 11}",
    "feat_17": "{'source': '', 'type': 'categorical', 'padding_idx': 0, 'oov_idx': 348, 'vocab_size': 349}",
    "feat_18": "{'source': '', 'type': 'categorical', 'padding_idx': 0, 'oov_idx': 5, 'vocab_size': 6}",
    "feat_19": "{'source': '', 'type': 'categorical', 'padding_idx': 0, 'oov_idx': 60, 'vocab_size': 61}",
    "feat_2": "{'source': '', 'type': 'categorical', 'padding_idx': 0, 'oov_idx': 8, 'vocab_size': 9}",
    "feat_20": "{'source': '', 'type': 'categorical', 'padding_idx': 0, 'oov_idx': 170, 'vocab_size': 171}",
    "feat_21": "{'source': '', 'type': 'categorical', 'padding_idx': 0, 'oov_idx': 51, 'vocab_size': 52}",
    "feat_22": "{'source': '', 'type': 'categorical', 'padding_idx': 0, 'oov_idx': 25, 'vocab_size': 26}",
    "feat_3": "{'source': '', 'type': 'categorical', 'padding_idx': 0, 'oov_idx': 3479, 'vocab_size': 3480}",
    "feat_4": "{'source': '', 'type': 'categorical', 'padding_idx': 0, 'oov_idx': 4270, 'vocab_size': 4271}",
    "feat_5": "{'source': '', 'type': 'categorical', 'padding_idx': 0, 'oov_idx': 25, 'vocab_size': 26}",
    "feat_6": "{'source': '', 'type': 'categorical', 'padding_idx': 0, 'oov_idx': 4863, 'vocab_size': 4864}",
    "feat_7": "{'source': '', 'type': 'categorical', 'padding_idx': 0, 'oov_idx': 304, 'vocab_size': 305}",
    "feat_8": "{'source': '', 'type': 'categorical', 'padding_idx': 0, 'oov_idx': 32, 'vocab_size': 33}",
    "feat_9": "{'source': '', 'type': 'categorical', 'padding_idx': 0, 'oov_idx': 228185, 'vocab_size': 228186}"
}
2023-11-28 16:51:37,050 P14820 INFO Total number of parameters: 13487812.
2023-11-28 16:51:37,050 P14820 INFO Loading data...
2023-11-28 16:51:37,052 P14820 INFO Loading data from h5: ../data/Avazu/avazu_x1_0bbde04e\train.h5
2023-11-28 16:51:46,869 P14820 INFO Train samples: total/28300276, blocks/1
2023-11-28 16:51:46,870 P14820 INFO Loading data from h5: ../data/Avazu/avazu_x1_0bbde04e\valid.h5
2023-11-28 16:51:48,115 P14820 INFO Validation samples: total/4042897, blocks/1
2023-11-28 16:51:48,115 P14820 INFO Loading train and validation data done.
2023-11-28 16:51:48,116 P14820 INFO Start training: 6910 batches/epoch
2023-11-28 16:51:48,116 P14820 INFO ************ Epoch=1 start ************
2023-11-28 17:12:41,797 P14820 INFO Train loss: 0.445798
2023-11-28 17:12:41,798 P14820 INFO Evaluation @epoch 1 - batch 6910: 
2023-11-28 17:13:04,827 P14820 INFO [Metrics] AUC: 0.736239
2023-11-28 17:13:04,834 P14820 INFO Save best model: monitor(max)=0.736239
2023-11-28 17:13:05,356 P14820 INFO ************ Epoch=1 end ************
